Arguments: 
  /Users/maximiliancramer1994/.nvm/versions/node/v9.10.0/bin/node /usr/local/Cellar/yarn/1.9.4/libexec/bin/yarn.js add normalize.css

PATH: 
  /Users/maximiliancramer1994/.nvm/versions/node/v9.10.0/bin:/Users/maximiliancramer1994/bin:/usr/local/bin:/usr/local/bin:/usr/bin:/bin:/usr/sbin:/sbin

Yarn version: 
  1.9.4

Node version: 
  9.10.0

Platform: 
  darwin x64

Trace: 
  SyntaxError: /Users/maximiliancramer1994/development/post-course/portfolio/package.json: Unexpected token } in JSON at position 174
      at JSON.parse (<anonymous>)
      at /usr/local/Cellar/yarn/1.9.4/libexec/lib/cli.js:1130:59
      at Generator.next (<anonymous>)
      at step (/usr/local/Cellar/yarn/1.9.4/libexec/lib/cli.js:92:30)
      at /usr/local/Cellar/yarn/1.9.4/libexec/lib/cli.js:103:13
      at <anonymous>

npm manifest: 
  {
    "dependencies": {
      "bulma": "^0.7.1"
    },
    "scripts": {
      "watch": "sass --watch scss/main.scss:css/style.css",
      "build": "sass scss/main.scss:css/style.css",
    }
  }

yarn manifest: 
  No manifest

Lockfile: 
  # THIS IS AN AUTOGENERATED FILE. DO NOT EDIT THIS FILE DIRECTLY.
  # yarn lockfile v1
  
  
  bulma@^0.7.1:
    version "0.7.1"
    resolved "https://registry.yarnpkg.com/bulma/-/bulma-0.7.1.tgz#73c2e3b2930c90cc272029cbd19918b493fca486"
